Base path: D:/Self/Software/Unity/Unity 2018.4.4/Editor/Data
Cmd: initializeCompiler
Cmd: compileComputeKernel
  api=4 insize=14379 outsize=32189 ok=1
Cmd: compileComputeKernel
  api=4 insize=14379 outsize=44121 ok=1
Cmd: compileComputeKernel
  api=4 insize=14379 outsize=48469 ok=1
Cmd: compileComputeKernel
  api=4 insize=14379 outsize=87077 ok=1
Cmd: compileComputeKernel
  api=4 insize=26814 outsize=14253 ok=1
Cmd: compileComputeKernel
  api=4 insize=2059 outsize=349 ok=1
Cmd: compileComputeKernel
  api=4 insize=2711 outsize=1517 ok=1
Cmd: compileComputeKernel
  api=4 insize=10881 outsize=9849 ok=1
Cmd: compileComputeKernel
  api=4 insize=18299 outsize=8545 ok=1
Cmd: compileComputeKernel
  api=4 insize=19063 outsize=14241 ok=1
Cmd: compileComputeKernel
  api=4 insize=21751 outsize=21741 ok=1
Cmd: compileComputeKernel
  api=4 insize=2867 outsize=1329 ok=1
Cmd: compileComputeKernel
  api=4 insize=1806 outsize=1389 ok=1
Cmd: compileComputeKernel
  api=4 insize=34758 outsize=31513 ok=1
Cmd: compileComputeKernel
  api=4 insize=34758 outsize=35961 ok=1
Cmd: compileComputeKernel
  api=4 insize=16360 outsize=7821 ok=1
Cmd: compileComputeKernel
  api=4 insize=1454 outsize=597 ok=1
Cmd: compileComputeKernel
  api=4 insize=16866 outsize=6817 ok=1
Cmd: compileComputeKernel
  api=4 insize=16866 outsize=9453 ok=1
Cmd: compileComputeKernel
  api=4 insize=16866 outsize=7069 ok=1
Cmd: compileComputeKernel
  api=4 insize=16866 outsize=7973 ok=1
Cmd: compileComputeKernel
  api=4 insize=16866 outsize=9789 ok=1

Quitting shader compiler process
