Base path: D:/Self/Software/Unity/Unity 2018.4.4/Editor/Data
Cmd: initializeCompiler
Cmd: compileComputeKernel
  api=4 insize=14379 outsize=37513 ok=1
Cmd: compileComputeKernel
  api=4 insize=14379 outsize=67809 ok=1
Cmd: compileComputeKernel
  api=4 insize=14379 outsize=33821 ok=1
Cmd: compileComputeKernel
  api=4 insize=14379 outsize=49789 ok=1
Cmd: compileComputeKernel
  api=4 insize=14379 outsize=68793 ok=1
Cmd: compileComputeKernel
  api=4 insize=26814 outsize=15569 ok=1
Cmd: compileComputeKernel
  api=4 insize=10881 outsize=10593 ok=1
Cmd: compileComputeKernel
  api=4 insize=6353 outsize=1037 ok=1
Cmd: compileComputeKernel
  api=4 insize=18299 outsize=10549 ok=1
Cmd: compileComputeKernel
  api=4 insize=20454 outsize=95037 ok=1
Cmd: compileComputeKernel
  api=4 insize=34758 outsize=30721 ok=1
Cmd: compileComputeKernel
  api=4 insize=34758 outsize=32065 ok=1
Cmd: compileComputeKernel
  api=4 insize=16866 outsize=6893 ok=1
Cmd: compileComputeKernel
  api=4 insize=16866 outsize=9673 ok=1
Cmd: compileComputeKernel
  api=4 insize=16866 outsize=7765 ok=1
Cmd: compileComputeKernel
  api=4 insize=16866 outsize=10469 ok=1

Quitting shader compiler process
