Base path: D:/Self/Software/Unity/Unity 2018.4.4/Editor/Data
Cmd: initializeCompiler
Cmd: compileComputeKernel
  api=4 insize=14379 outsize=87113 ok=1
Cmd: compileComputeKernel
  api=4 insize=14379 outsize=39221 ok=1
Cmd: compileComputeKernel
  api=4 insize=14379 outsize=43169 ok=1
Cmd: compileComputeKernel
  api=4 insize=14379 outsize=60869 ok=1
Cmd: compileComputeKernel
  api=4 insize=34758 outsize=34501 ok=1
Cmd: compileComputeKernel
  api=4 insize=2044 outsize=1033 ok=1
Cmd: compileComputeKernel
  api=4 insize=16866 outsize=5425 ok=1
Cmd: compileComputeKernel
  api=4 insize=16866 outsize=6501 ok=1
Cmd: compileComputeKernel
  api=4 insize=16866 outsize=7333 ok=1
Cmd: compileComputeKernel
  api=4 insize=16866 outsize=6565 ok=1
Cmd: compileComputeKernel
  api=4 insize=16866 outsize=8345 ok=1
Cmd: compileComputeKernel
  api=4 insize=16866 outsize=10925 ok=1

Quitting shader compiler process
