Base path: D:/Self/Software/Unity/Unity 2018.4.4/Editor/Data
Cmd: initializeCompiler
Cmd: compileComputeKernel
  api=4 insize=14379 outsize=21365 ok=1
Cmd: compileComputeKernel
  api=4 insize=14379 outsize=31061 ok=1
Cmd: compileComputeKernel
  api=4 insize=14379 outsize=42709 ok=1
Cmd: compileComputeKernel
  api=4 insize=14379 outsize=67249 ok=1
Cmd: compileComputeKernel
  api=4 insize=14379 outsize=61249 ok=1
Cmd: compileComputeKernel
  api=4 insize=26814 outsize=15341 ok=1
Cmd: compileComputeKernel
  api=4 insize=2780 outsize=48145 ok=1
Cmd: compileComputeKernel
  api=4 insize=18299 outsize=8553 ok=1
Cmd: compileComputeKernel
  api=4 insize=19063 outsize=13729 ok=1
Cmd: compileComputeKernel
  api=4 insize=21751 outsize=21785 ok=1
Cmd: compileComputeKernel
  api=4 insize=692 outsize=573 ok=1
Cmd: compileComputeKernel
  api=4 insize=20454 outsize=27305 ok=1
Cmd: compileComputeKernel
  api=4 insize=34758 outsize=33693 ok=1
Cmd: compileComputeKernel
  api=4 insize=8350 outsize=2945 ok=1
Cmd: compileComputeKernel
  api=4 insize=16360 outsize=7029 ok=1
Cmd: compileComputeKernel
  api=4 insize=1454 outsize=1461 ok=1
Cmd: compileComputeKernel
  api=4 insize=16866 outsize=6313 ok=1
Cmd: compileComputeKernel
  api=4 insize=16866 outsize=8013 ok=1
Cmd: compileComputeKernel
  api=4 insize=16866 outsize=6181 ok=1
Cmd: compileComputeKernel
  api=4 insize=16866 outsize=7957 ok=1
Cmd: compileComputeKernel
  api=4 insize=16866 outsize=8957 ok=1
Cmd: compileComputeKernel
  api=4 insize=16866 outsize=11229 ok=1

Quitting shader compiler process
