Base path: D:/Self/Software/Unity/Unity 2018.4.4/Editor/Data
Cmd: initializeCompiler
Cmd: compileComputeKernel
  api=4 insize=14379 outsize=56813 ok=1
Cmd: compileComputeKernel
  api=4 insize=14379 outsize=42581 ok=1
Cmd: compileComputeKernel
  api=4 insize=14379 outsize=59293 ok=1
Cmd: compileComputeKernel
  api=4 insize=14379 outsize=49913 ok=1
Cmd: compileComputeKernel
  api=4 insize=26814 outsize=15525 ok=1
Cmd: compileComputeKernel
  api=4 insize=4845 outsize=5397 ok=1
Cmd: compileComputeKernel
  api=4 insize=3396 outsize=2581 ok=1
Cmd: compileComputeKernel
  api=4 insize=18299 outsize=8781 ok=1
Cmd: compileComputeKernel
  api=4 insize=34758 outsize=35261 ok=1
Cmd: compileComputeKernel
  api=4 insize=2044 outsize=1037 ok=1
Cmd: compileComputeKernel
  api=4 insize=3506 outsize=1321 ok=1
Cmd: compileComputeKernel
  api=4 insize=16866 outsize=5929 ok=1
Cmd: compileComputeKernel
  api=4 insize=16866 outsize=7029 ok=1
Cmd: compileComputeKernel
  api=4 insize=16866 outsize=8773 ok=1
Cmd: compileComputeKernel
  api=4 insize=16866 outsize=6685 ok=1
Cmd: compileComputeKernel
  api=4 insize=16866 outsize=8849 ok=1
Cmd: compileComputeKernel
  api=4 insize=16866 outsize=10773 ok=1

Quitting shader compiler process
