Base path: D:/Self/Software/Unity/Unity 2018.4.4/Editor/Data
Cmd: initializeCompiler
Cmd: compileComputeKernel
  api=4 insize=14379 outsize=40293 ok=1
Cmd: compileComputeKernel
  api=4 insize=14379 outsize=31093 ok=1
Cmd: compileComputeKernel
  api=4 insize=14379 outsize=31865 ok=1
Cmd: compileComputeKernel
  api=4 insize=14379 outsize=31041 ok=1
Cmd: compileComputeKernel
  api=4 insize=14379 outsize=21377 ok=1
Cmd: compileComputeKernel
  api=4 insize=14379 outsize=41761 ok=1
Cmd: compileComputeKernel
  api=4 insize=14379 outsize=32569 ok=1
Cmd: compileComputeKernel
  api=4 insize=14379 outsize=44137 ok=1
Cmd: compileComputeKernel
  api=4 insize=26814 outsize=16285 ok=1
Cmd: compileComputeKernel
  api=4 insize=2059 outsize=1517 ok=1
Cmd: compileComputeKernel
  api=4 insize=1176 outsize=781 ok=1
Cmd: compileComputeKernel
  api=4 insize=2780 outsize=47805 ok=1
Cmd: compileComputeKernel
  api=4 insize=4845 outsize=9129 ok=1
Cmd: compileComputeKernel
  api=4 insize=18299 outsize=10377 ok=1
Cmd: compileComputeKernel
  api=4 insize=19063 outsize=15261 ok=1
Cmd: compileComputeKernel
  api=4 insize=1806 outsize=553 ok=1
Cmd: compileComputeKernel
  api=4 insize=692 outsize=573 ok=1
Cmd: compileComputeKernel
  api=4 insize=34758 outsize=33693 ok=1
Cmd: compileComputeKernel
  api=4 insize=16866 outsize=5809 ok=1
Cmd: compileComputeKernel
  api=4 insize=16866 outsize=7485 ok=1
Cmd: compileComputeKernel
  api=4 insize=16866 outsize=9757 ok=1
Cmd: compileComputeKernel
  api=4 insize=16866 outsize=8501 ok=1
Cmd: compileComputeKernel
  api=4 insize=16866 outsize=10245 ok=1

Quitting shader compiler process
